<?xml version="1.0" encoding="UTF-8"?>
<testsuite name="taskquest.server.TaskquestServerApplicationTests" tests="1" skipped="0" failures="0" errors="0" timestamp="2022-12-02T08:52:42" hostname="MacBook-Pro-2.local" time="0.21">
  <properties/>
  <testcase name="contextLoads()" classname="taskquest.server.TaskquestServerApplicationTests" time="0.21"/>
  <system-out><![CDATA[03:52:39.112 [Test worker] DEBUG org.springframework.test.context.BootstrapUtils - Instantiating CacheAwareContextLoaderDelegate from class [org.springframework.test.context.cache.DefaultCacheAwareContextLoaderDelegate]
03:52:39.122 [Test worker] DEBUG org.springframework.test.context.BootstrapUtils - Instantiating BootstrapContext using constructor [public org.springframework.test.context.support.DefaultBootstrapContext(java.lang.Class,org.springframework.test.context.CacheAwareContextLoaderDelegate)]
03:52:39.150 [Test worker] DEBUG org.springframework.test.context.BootstrapUtils - Instantiating TestContextBootstrapper for test class [taskquest.server.TaskquestServerApplicationTests] from class [org.springframework.boot.test.context.SpringBootTestContextBootstrapper]
03:52:39.165 [Test worker] INFO org.springframework.boot.test.context.SpringBootTestContextBootstrapper - Neither @ContextConfiguration nor @ContextHierarchy found for test class [taskquest.server.TaskquestServerApplicationTests], using SpringBootContextLoader
03:52:39.168 [Test worker] DEBUG org.springframework.test.context.support.AbstractContextLoader - Did not detect default resource location for test class [taskquest.server.TaskquestServerApplicationTests]: class path resource [taskquest/server/TaskquestServerApplicationTests-context.xml] does not exist
03:52:39.168 [Test worker] DEBUG org.springframework.test.context.support.AbstractContextLoader - Did not detect default resource location for test class [taskquest.server.TaskquestServerApplicationTests]: class path resource [taskquest/server/TaskquestServerApplicationTestsContext.groovy] does not exist
03:52:39.168 [Test worker] INFO org.springframework.test.context.support.AbstractContextLoader - Could not detect default resource locations for test class [taskquest.server.TaskquestServerApplicationTests]: no resource found for suffixes {-context.xml, Context.groovy}.
03:52:39.169 [Test worker] INFO org.springframework.test.context.support.AnnotationConfigContextLoaderUtils - Could not detect default configuration classes for test class [taskquest.server.TaskquestServerApplicationTests]: TaskquestServerApplicationTests does not declare any static, non-private, non-final, nested classes annotated with @Configuration.
03:52:39.206 [Test worker] DEBUG org.springframework.test.context.support.ActiveProfilesUtils - Could not find an 'annotation declaring class' for annotation type [org.springframework.test.context.ActiveProfiles] and class [taskquest.server.TaskquestServerApplicationTests]
03:52:39.256 [Test worker] DEBUG org.springframework.context.annotation.ClassPathScanningCandidateComponentProvider - Identified candidate component class: file [/Users/matthewswitt/Desktop/3A/CS346/cs-346-project/server/build/classes/kotlin/main/taskquest/server/TaskquestServerApplication.class]
03:52:39.267 [Test worker] INFO org.springframework.boot.test.context.SpringBootTestContextBootstrapper - Found @SpringBootConfiguration taskquest.server.TaskquestServerApplication for test class taskquest.server.TaskquestServerApplicationTests
03:52:39.338 [Test worker] DEBUG org.springframework.boot.test.context.SpringBootTestContextBootstrapper - @TestExecutionListeners is not present for class [taskquest.server.TaskquestServerApplicationTests]: using defaults.
03:52:39.339 [Test worker] INFO org.springframework.boot.test.context.SpringBootTestContextBootstrapper - Loaded default TestExecutionListener class names from location [META-INF/spring.factories]: [org.springframework.boot.test.autoconfigure.restdocs.RestDocsTestExecutionListener, org.springframework.boot.test.autoconfigure.web.client.MockRestServiceServerResetTestExecutionListener, org.springframework.boot.test.autoconfigure.web.servlet.MockMvcPrintOnlyOnFailureTestExecutionListener, org.springframework.boot.test.autoconfigure.web.servlet.WebDriverTestExecutionListener, org.springframework.boot.test.autoconfigure.webservices.client.MockWebServiceServerTestExecutionListener, org.springframework.boot.test.mock.mockito.MockitoTestExecutionListener, org.springframework.boot.test.mock.mockito.ResetMocksTestExecutionListener, org.springframework.test.context.web.ServletTestExecutionListener, org.springframework.test.context.support.DirtiesContextBeforeModesTestExecutionListener, org.springframework.test.context.event.ApplicationEventsTestExecutionListener, org.springframework.test.context.support.DependencyInjectionTestExecutionListener, org.springframework.test.context.support.DirtiesContextTestExecutionListener, org.springframework.test.context.transaction.TransactionalTestExecutionListener, org.springframework.test.context.jdbc.SqlScriptsTestExecutionListener, org.springframework.test.context.event.EventPublishingTestExecutionListener]
03:52:39.355 [Test worker] INFO org.springframework.boot.test.context.SpringBootTestContextBootstrapper - Using TestExecutionListeners: [org.springframework.test.context.web.ServletTestExecutionListener@277f7dd3, org.springframework.test.context.support.DirtiesContextBeforeModesTestExecutionListener@6c8bca63, org.springframework.test.context.event.ApplicationEventsTestExecutionListener@2364305a, org.springframework.boot.test.mock.mockito.MockitoTestExecutionListener@470a696f, org.springframework.boot.test.autoconfigure.SpringBootDependencyInjectionTestExecutionListener@1bc715b8, org.springframework.test.context.support.DirtiesContextTestExecutionListener@292d1c71, org.springframework.test.context.transaction.TransactionalTestExecutionListener@2b491fee, org.springframework.test.context.jdbc.SqlScriptsTestExecutionListener@3f1c5af9, org.springframework.test.context.event.EventPublishingTestExecutionListener@1c55f277, org.springframework.boot.test.autoconfigure.restdocs.RestDocsTestExecutionListener@5ddabb18, org.springframework.boot.test.autoconfigure.web.client.MockRestServiceServerResetTestExecutionListener@3e8f7922, org.springframework.boot.test.autoconfigure.web.servlet.MockMvcPrintOnlyOnFailureTestExecutionListener@63192798, org.springframework.boot.test.autoconfigure.web.servlet.WebDriverTestExecutionListener@50eca7c6, org.springframework.boot.test.autoconfigure.webservices.client.MockWebServiceServerTestExecutionListener@58e6d4b8, org.springframework.boot.test.mock.mockito.ResetMocksTestExecutionListener@1de5f0ef]
03:52:39.358 [Test worker] DEBUG org.springframework.test.context.support.AbstractDirtiesContextTestExecutionListener - Before test class: context [DefaultTestContext@6f0ca692 testClass = TaskquestServerApplicationTests, testInstance = [null], testMethod = [null], testException = [null], mergedContextConfiguration = [WebMergedContextConfiguration@2c104774 testClass = TaskquestServerApplicationTests, locations = '{}', classes = '{class taskquest.server.TaskquestServerApplication}', contextInitializerClasses = '[]', activeProfiles = '{}', propertySourceLocations = '{}', propertySourceProperties = '{org.springframework.boot.test.context.SpringBootTestContextBootstrapper=true}', contextCustomizers = set[org.springframework.boot.test.autoconfigure.actuate.metrics.MetricsExportContextCustomizerFactory$DisableMetricExportContextCustomizer@61fe30, org.springframework.boot.test.autoconfigure.properties.PropertyMappingContextCustomizer@0, org.springframework.boot.test.autoconfigure.web.servlet.WebDriverContextCustomizerFactory$Customizer@58326051, org.springframework.boot.test.context.filter.ExcludeFilterContextCustomizer@598bd2ba, org.springframework.boot.test.json.DuplicateJsonObjectContextCustomizerFactory$DuplicateJsonObjectContextCustomizer@38234a38, org.springframework.boot.test.mock.mockito.MockitoContextCustomizer@0, org.springframework.boot.test.web.client.TestRestTemplateContextCustomizer@e70f13a, org.springframework.boot.test.context.SpringBootTestArgs@1, org.springframework.boot.test.context.SpringBootTestWebEnvironment@53aad5d5], resourceBasePath = 'src/main/webapp', contextLoader = 'org.springframework.boot.test.context.SpringBootContextLoader', parent = [null]], attributes = map['org.springframework.test.context.web.ServletTestExecutionListener.activateListener' -> true]], class annotated with @DirtiesContext [false] with mode [null].

  .   ____          _            __ _ _
 /\\ / ___'_ __ _ _(_)_ __  __ _ \ \ \ \
( ( )\___ | '_ | '_| | '_ \/ _` | \ \ \ \
 \\/  ___)| |_)| | | | | || (_| |  ) ) ) )
  '  |____| .__|_| |_|_| |_\__, | / / / /
 =========|_|==============|___/=/_/_/_/
 :: Spring Boot ::                (v2.7.5)

2022-12-02 03:52:39.724  INFO 74119 --- [    Test worker] t.s.TaskquestServerApplicationTests      : Starting TaskquestServerApplicationTests using Java 18.0.2.1 on MacBook-Pro-2.local with PID 74119 (started by matthewswitt in /Users/matthewswitt/Desktop/3A/CS346/cs-346-project/server)
2022-12-02 03:52:39.725  INFO 74119 --- [    Test worker] t.s.TaskquestServerApplicationTests      : No active profile set, falling back to 1 default profile: "default"
2022-12-02 03:52:40.286  INFO 74119 --- [    Test worker] .s.d.r.c.RepositoryConfigurationDelegate : Multiple Spring Data modules found, entering strict repository configuration mode
2022-12-02 03:52:40.287  INFO 74119 --- [    Test worker] .s.d.r.c.RepositoryConfigurationDelegate : Bootstrapping Spring Data JDBC repositories in DEFAULT mode.
2022-12-02 03:52:40.296  INFO 74119 --- [    Test worker] .s.d.r.c.RepositoryConfigurationDelegate : Finished Spring Data repository scanning in 5 ms. Found 0 JDBC repository interfaces.
2022-12-02 03:52:40.303  INFO 74119 --- [    Test worker] .s.d.r.c.RepositoryConfigurationDelegate : Multiple Spring Data modules found, entering strict repository configuration mode
2022-12-02 03:52:40.304  INFO 74119 --- [    Test worker] .s.d.r.c.RepositoryConfigurationDelegate : Bootstrapping Spring Data JPA repositories in DEFAULT mode.
2022-12-02 03:52:40.310  INFO 74119 --- [    Test worker] .s.d.r.c.RepositoryConfigurationDelegate : Finished Spring Data repository scanning in 2 ms. Found 0 JPA repository interfaces.
2022-12-02 03:52:40.776  INFO 74119 --- [    Test worker] com.zaxxer.hikari.HikariDataSource       : HikariPool-1 - Starting...
2022-12-02 03:52:40.921  INFO 74119 --- [    Test worker] com.zaxxer.hikari.HikariDataSource       : HikariPool-1 - Start completed.
2022-12-02 03:52:40.968  INFO 74119 --- [    Test worker] o.hibernate.jpa.internal.util.LogHelper  : HHH000204: Processing PersistenceUnitInfo [name: default]
2022-12-02 03:52:41.006  INFO 74119 --- [    Test worker] org.hibernate.Version                    : HHH000412: Hibernate ORM core version 5.6.12.Final
2022-12-02 03:52:41.132  INFO 74119 --- [    Test worker] o.hibernate.annotations.common.Version   : HCANN000001: Hibernate Commons Annotations {5.1.2.Final}
2022-12-02 03:52:41.218  INFO 74119 --- [    Test worker] org.hibernate.dialect.Dialect            : HHH000400: Using dialect: org.hibernate.dialect.H2Dialect
2022-12-02 03:52:41.349  INFO 74119 --- [    Test worker] o.h.e.t.j.p.i.JtaPlatformInitiator       : HHH000490: Using JtaPlatform implementation: [org.hibernate.engine.transaction.jta.platform.internal.NoJtaPlatform]
2022-12-02 03:52:41.355  INFO 74119 --- [    Test worker] j.LocalContainerEntityManagerFactoryBean : Initialized JPA EntityManagerFactory for persistence unit 'default'
2022-12-02 03:52:41.413  INFO 74119 --- [    Test worker] c.a.c.i.jackson.JacksonVersion           : Package versions: jackson-core=2.13.4, jackson-databind=2.13.4-2, jackson-dataformat-xml=2.13.4, jackson-datatype-jsr310=2.13.4, azure-core=1.34.0, Troubleshooting version conflicts: https://aka.ms/azsdk/java/dependency/troubleshoot
2022-12-02 03:52:41.783  WARN 74119 --- [    Test worker] JpaBaseConfiguration$JpaWebConfiguration : spring.jpa.open-in-view is enabled by default. Therefore, database queries may be performed during view rendering. Explicitly configure spring.jpa.open-in-view to disable this warning
2022-12-02 03:52:42.320  INFO 74119 --- [    Test worker] t.s.TaskquestServerApplicationTests      : Started TaskquestServerApplicationTests in 2.933 seconds (JVM running for 3.964)
]]></system-out>
  <system-err><![CDATA[]]></system-err>
</testsuite>
