<?xml version="1.0" encoding="UTF-8"?>
<testsuite name="taskquest.utilities.models.UserTest" tests="1" skipped="0" failures="0" errors="0" timestamp="2022-12-02T08:52:43" hostname="MacBook-Pro-2.local" time="0.002">
  <properties/>
  <testcase name="diminishingReturns()" classname="taskquest.utilities.models.UserTest" time="0.002"/>
  <system-out><![CDATA[]]></system-out>
  <system-err><![CDATA[]]></system-err>
</testsuite>
