<?xml version="1.0" encoding="UTF-8"?>
<testsuite name="taskquest.utilities.models.StoreTest" tests="3" skipped="0" failures="0" errors="0" timestamp="2022-12-02T08:52:43" hostname="MacBook-Pro-2.local" time="0.017">
  <properties/>
  <testcase name="buyFromStoreSuccess()" classname="taskquest.utilities.models.StoreTest" time="0.014"/>
  <testcase name="createStore()" classname="taskquest.utilities.models.StoreTest" time="0.001"/>
  <testcase name="buyFromStoreFail()" classname="taskquest.utilities.models.StoreTest" time="0.001"/>
  <system-out><![CDATA[]]></system-out>
  <system-err><![CDATA[]]></system-err>
</testsuite>
