<?xml version="1.0" encoding="UTF-8"?>
<testsuite name="taskquest.utilities.models.ItemTest" tests="1" skipped="0" failures="0" errors="0" timestamp="2022-12-02T08:52:43" hostname="MacBook-Pro-2.local" time="0.012">
  <properties/>
  <testcase name="createItem()" classname="taskquest.utilities.models.ItemTest" time="0.012"/>
  <system-out><![CDATA[]]></system-out>
  <system-err><![CDATA[]]></system-err>
</testsuite>
