<?xml version="1.0" encoding="UTF-8"?>
<testsuite name="taskquest.utilities.models.TaskListTest" tests="4" skipped="0" failures="0" errors="0" timestamp="2022-12-02T08:52:43" hostname="MacBook-Pro-2.local" time="0.011">
  <properties/>
  <testcase name="moveItems2()" classname="taskquest.utilities.models.TaskListTest" time="0.008"/>
  <testcase name="addItems()" classname="taskquest.utilities.models.TaskListTest" time="0.001"/>
  <testcase name="delItems()" classname="taskquest.utilities.models.TaskListTest" time="0.0"/>
  <testcase name="moveItems()" classname="taskquest.utilities.models.TaskListTest" time="0.0"/>
  <system-out><![CDATA[0, 1, 2, 
1, 0, 2, 
1, 2, 0, 
]]></system-out>
  <system-err><![CDATA[]]></system-err>
</testsuite>
