<?xml version="1.0" encoding="UTF-8"?>
<testsuite name="taskquest.utilities.models.TaskTest" tests="2" skipped="0" failures="0" errors="0" timestamp="2022-12-02T08:52:43" hostname="MacBook-Pro-2.local" time="0.005">
  <properties/>
  <testcase name="changeTask()" classname="taskquest.utilities.models.TaskTest" time="0.004"/>
  <testcase name="createTask()" classname="taskquest.utilities.models.TaskTest" time="0.0"/>
  <system-out><![CDATA[]]></system-out>
  <system-err><![CDATA[]]></system-err>
</testsuite>
